<?xml version="1.0" encoding="UTF-8"?>
<!-- Generated by org.testng.reporters.JUnitReportReporter -->
<testsuite skipped="0" hostname="360NDCPC104" name="Runners.CreateNew" tests="1" failures="0" timestamp="24 Apr 2019 04:22:37 GMT" time="33.522" errors="0">
  <testcase name="feature" time="33.522" classname="Runners.CreateNew"/>
</testsuite> <!-- Runners.CreateNew -->
