<?xml version="1.0" encoding="UTF-8"?>
<!-- Generated by org.testng.reporters.JUnitReportReporter -->
<testsuite skipped="0" hostname="360NDCPC104" name="Runners.Triage" tests="1" failures="0" timestamp="24 Apr 2019 03:38:18 GMT" time="46.458" errors="0">
  <testcase name="feature" time="46.458" classname="Runners.Triage"/>
</testsuite> <!-- Runners.Triage -->
