<?xml version="1.0" encoding="UTF-8"?>
<!-- Generated by org.testng.reporters.JUnitReportReporter -->
<testsuite skipped="0" hostname="360NDCPC104" name="Runners.Fix" tests="1" failures="0" timestamp="25 Apr 2019 17:08:29 GMT" time="89.559" errors="0">
  <testcase name="feature" time="89.559" classname="Runners.Fix"/>
</testsuite> <!-- Runners.Fix -->
