<?xml version="1.0" encoding="UTF-8"?>
<!-- Generated by org.testng.reporters.JUnitReportReporter -->
<testsuite skipped="0" hostname="360NDCPC104" name="Runners.CreateNew" tests="1" failures="0" timestamp="25 Apr 2019 17:08:29 GMT" time="79.464" errors="0">
  <testcase name="feature" time="79.464" classname="Runners.CreateNew"/>
</testsuite> <!-- Runners.CreateNew -->
